[debug] [2019-05-21T02:38:04.280Z] ----------------------------------------------------------------------
[debug] [2019-05-21T02:38:04.282Z] Command:       /Users/mooriii/.nodebrew/node/v11.14.0/bin/node /usr/local/bin/firebase deploy
[debug] [2019-05-21T02:38:04.282Z] CLI Version:   6.10.0
[debug] [2019-05-21T02:38:04.282Z] Platform:      darwin
[debug] [2019-05-21T02:38:04.282Z] Node Version:  v11.14.0
[debug] [2019-05-21T02:38:04.283Z] Time:          Tue May 21 2019 11:38:04 GMT+0900 (Japan Standard Time)
[debug] [2019-05-21T02:38:04.283Z] ----------------------------------------------------------------------
[debug] 
[debug] [2019-05-21T02:38:04.293Z] > command requires scopes: ["email","openid","https://www.googleapis.com/auth/cloudplatformprojects.readonly","https://www.googleapis.com/auth/firebase","https://www.googleapis.com/auth/cloud-platform"]
[debug] [2019-05-21T02:38:04.293Z] > authorizing via signed-in user
[debug] [2019-05-21T02:38:04.293Z] [iam] checking project intern-info for permissions ["firebase.projects.get","firebasehosting.sites.update"]
[debug] [2019-05-21T02:38:04.295Z] > refreshing access token with scopes: ["email","https://www.googleapis.com/auth/cloud-platform","https://www.googleapis.com/auth/cloudplatformprojects.readonly","https://www.googleapis.com/auth/firebase","openid"]
[debug] [2019-05-21T02:38:04.295Z] >>> HTTP REQUEST POST https://www.googleapis.com/oauth2/v3/token  
 <request body omitted>
[debug] [2019-05-21T02:38:04.481Z] <<< HTTP RESPONSE 200
[debug] [2019-05-21T02:38:04.495Z] >>> HTTP REQUEST POST https://cloudresourcemanager.googleapis.com/v1/projects/intern-info:testIamPermissions  

[debug] [2019-05-21T02:38:05.289Z] <<< HTTP RESPONSE 200
[debug] [2019-05-21T02:38:05.290Z] >>> HTTP REQUEST GET https://firebase.googleapis.com/v1beta1/projects/intern-info  
 
[debug] [2019-05-21T02:38:06.042Z] <<< HTTP RESPONSE 200
[info] 
[info] === Deploying to 'intern-info'...
[info] 
[info] i  deploying hosting
[debug] [2019-05-21T02:38:06.044Z] >>> HTTP REQUEST POST https://firebasehosting.googleapis.com/v1beta1/sites/intern-info/versions  

[debug] [2019-05-21T02:38:08.172Z] <<< HTTP RESPONSE 200
[info] i  hosting[intern-info]: beginning deploy...
[info] i  hosting[intern-info]: found 14 files in build
[debug] [2019-05-21T02:38:08.182Z] [hosting] hash cache [YnVpbGQ] load error: lines is not defined
[debug] [2019-05-21T02:38:08.456Z] [hosting] hash cache [YnVpbGQ] stored for 14 files
[debug] [2019-05-21T02:38:08.456Z] [hosting][hash queue][FINAL]
[debug] [2019-05-21T02:38:08.456Z] >>> HTTP REQUEST POST https://firebasehosting.googleapis.com/v1beta1/sites/intern-info/versions/3e312e963ec194eb:populateFiles  
 <request body omitted>
[debug] [2019-05-21T02:38:10.399Z] <<< HTTP RESPONSE 200
[debug] [2019-05-21T02:38:10.403Z] [hosting][populate queue][FINAL]
[debug] [2019-05-21T02:38:10.404Z] [hosting] uploads queued: 8
